<?xml version="1.0" encoding="UTF-8"?>
<testng-results skipped="0" failed="0" ignored="0" total="1" passed="1">
  <reporter-output>
  </reporter-output>
  <suite name="Default suite" duration-ms="39022" started-at="2019-12-24T04:51:12Z" finished-at="2019-12-24T04:51:51Z">
    <groups>
    </groups>
    <test name="Default test" duration-ms="39022" started-at="2019-12-24T04:51:12Z" finished-at="2019-12-24T04:51:51Z">
      <class name="Zest.Money.Assignment_1">
        <test-method status="PASS" signature="comparePriceBetweenAmazonFlipkart()[pri:0, instance:Zest.Money.Assignment_1@724af044]" name="comparePriceBetweenAmazonFlipkart" duration-ms="38981" started-at="2019-12-24T04:51:12Z" finished-at="2019-12-24T04:51:51Z">
          <reporter-output>
          </reporter-output>
        </test-method> <!-- comparePriceBetweenAmazonFlipkart -->
      </class> <!-- Zest.Money.Assignment_1 -->
    </test> <!-- Default test -->
  </suite> <!-- Default suite -->
</testng-results>
